RT-AC1200G+_3.0.0.4_380_0-g9e5f123.trx